<?xml version="1.0"?><coverage lines-covered="1" lines-valid="2" line-rate="0.5" branches-covered="0" branches-valid="0" branch-rate="0" complexity="0" version="1.9" timestamp="1762612999"><sources><source>/home/coke/projects/stream-rokuo/stream-catch</source></sources><packages><package name="src/infrastructure/axum_http" line-rate="0" branch-rate="0" complexity="0"><classes></classes></package><package name="src" line-rate="0.5" branch-rate="0" complexity="0"><classes><class name="main" filename="src/main.rs" line-rate="0.5" branch-rate="0" complexity="0"><methods/><lines><line number="1" hits="1"/><line number="2" hits="0"/></lines></class></classes></package><package name="src/infrastructure/postgres" line-rate="0" branch-rate="0" complexity="0"><classes></classes></package><package name="src/domain/value_objects" line-rate="0" branch-rate="0" complexity="0"><classes></classes></package><package name="src/config" line-rate="0" branch-rate="0" complexity="0"><classes></classes></package><package name="src/infrastructure" line-rate="0" branch-rate="0" complexity="0"><classes></classes></package><package name="src/domain/repositories" line-rate="0" branch-rate="0" complexity="0"><classes></classes></package><package name="src/application/usercases" line-rate="0" branch-rate="0" complexity="0"><classes></classes></package><package name="src/domain/entities" line-rate="0" branch-rate="0" complexity="0"><classes></classes></package><package name="src/domain" line-rate="0" branch-rate="0" complexity="0"><classes></classes></package><package name="src/application" line-rate="0" branch-rate="0" complexity="0"><classes></classes></package></packages></coverage>
